<?xml version="1.0" encoding="UTF-8"?>
<!-- Generated by org.testng.reporters.JUnitReportReporter -->
<testsuite hostname="WD" failures="0" tests="5" name="testset.testSecurityProject" time="11.897" errors="0" timestamp="2026-09-03T21:29:27 AST" skipped="0">
  <testcase classname="testset.testSecurityProject" name="loginTest" time="3.484"/>
  <testcase classname="testset.testSecurityProject" name="dashboardValidationTest" time="0.431"/>
  <testcase classname="testset.testSecurityProject" name="balanceEnquiryTest" time="2.501"/>
  <testcase classname="testset.testSecurityProject" name="miniStatementTest" time="1.891"/>
  <testcase classname="testset.testSecurityProject" name="contactUsTest" time="3.590"/>
</testsuite> <!-- testset.testSecurityProject -->
