<?xml version="1.0" encoding="UTF-8"?>
<!-- Generated by org.testng.reporters.JUnitReportReporter -->
<testsuite hostname="WD" failures="0" tests="4" name="testset.testTelecomeProject" time="525.295" errors="0" timestamp="2026-09-07T11:42:13 AST" skipped="0">
  <testcase classname="testset.testTelecomeProject" name="addCustomerTest" time="51.038"/>
  <testcase classname="testset.testTelecomeProject" name="addTariffPlanTest" time="13.669"/>
  <testcase classname="testset.testTelecomeProject" name="addTariffToCustomerTest" time="409.207"/>
  <testcase classname="testset.testTelecomeProject" name="payBillingTest" time="51.381"/>
</testsuite> <!-- testset.testTelecomeProject -->
